Historial de versiones


Versión 1.1 (22/05/2018)
===============================================
-Añadido un color de fondo gris a la página
-Cambiado el color de la barra principal y de su botón refrescar por negro y azul respectivamente
-Añadida una sombra a la tarjeta principal
-Si la pantalla es pequeña, las condiciones de uso salen a pantalla completa (en un pc sale como una ventana)
-El logo principal ahora es responsive y fluid (cambia su tamaño dependiendo del tamaño de la pantalla)
-Actualizadas las librerías de:
    -Angular de 1.6.4 a 1.7.0
    -Angular Material de 1.1.6 a 1.1.9
    -Jquery de 3.0.4 a 3.1.1
    -Bootstrap de 4.0b a 4.1
   
Versión 1.2 (31/05/2018)
================================================ 
-Sólo aparece el formulario de usuario y contraseña una vez que se aceptan las condiciones de uso. Mientras está oculto.
-Añadido un pequeño margen al logo
-Cambiado el nombre de la imagen logo.gif a logo.png
-Movido el historial de versiones desde los comentarios de JS a éste archivo

Versión 1.3 (19/05/2018)
================================================
-Código Javascript minificado.
-Añadida un footer con información de la aplicación (descripción, copyright, versión)
-Añadidos iconos de 'prohibido' mientras no se acepten las condiciones de uso, y de 'olrait' cuando se aceptan.
-Añadido icono de 'info' al botón de "Ver condiciones de uso".
-Añadido elipsis al botón de "Ver condiciones de uso", cuando la pantalla es pequeña.
-Añadido margen inferior de la tarjeta del formulario para separar del footer.
-Cambiado el texto del botón "Ver condiciones de uso del servicio" por "Uso del servicio".

Versión 2.0 (18/10/2018)
================================================
-Inicio de gestión por GitHub de las versiones, partiendo de la anterior
-Creación de una rama multilenguaje, para empezar con la versión 2.0
-Añadido un botón superior que abre una ventana para pulsar el idioma
-Añadido un botón superior que abre una ventana de ayuda
-Añadida función mostrarToast para mostrar mensajes emergentes que se quitan automáticamente
-Añadido enlace en la barra de estado, donde se muestra el idioma actual. También se puede cambiar desde ahí
-Añadido favicon
-Añadida carpeta /traducciones con archivos json, los cuales son cargados y volcados en un objeto vm.m de donde
 se extraen los textos para la aplicación. Dependiendo de qué JSON se cargue, saldrán los textos en un idioma u otro.
-Añadida carpeta /templates para guardar ahí los archivos .tmpl.html de los diálogos, para tener versiones traducidas
-Añadido color a la ventana de chrome en versión móvil






