Historial de versiones


Versión 1.1 (22/05/2018)
===============================================
-Añadido un color de fondo gris a la página
-Cambiado el color de la barra principal y de su botón refrescar por negro y azul respectivamente
-Añadida una sombra a la tarjeta principal
-Si la pantalla es pequeña, las condiciones de uso salen a pantalla completa (en un pc sale como una ventana)
-El logo principal ahora es responsive y fluid (cambia su tamaño dependiendo del tamaño de la pantalla)
-Actualizadas las librerías de:
    -Angular de 1.6.4 a 1.7.0
    -Angular Material de 1.1.6 a 1.1.9
    -Jquery de 3.0.4 a 3.1.1
    -Bootstrap de 4.0b a 4.1
   
Versión 1.2 (31/05/2018)
================================================ 
-Sólo aparece el formulario de usuario y contraseña una vez que se aceptan las condiciones de uso. Mientras está oculto.
-Añadido un pequeño margen al logo
-Cambiado el nombre de la imagen logo.gif a logo.png
-Movido el historial de versiones desde los comentarios de JS a éste archivo

Versión 1.3 (19/05/2018)
================================================
-Código Javascript minificado.
-Añadida un footer con información de la aplicación (descripción, copyright, versión)
-Añadidos iconos de 'prohibido' mientras no se acepten las condiciones de uso, y de 'olrait' cuando se aceptan.
-Añadido icono de 'info' al botón de "Ver condiciones de uso".
-Añadido elipsis al botón de "Ver condiciones de uso", cuando la pantalla es pequeña.
-Añadido margen inferior de la tarjeta del formulario para separar del footer.
-Cambiado el texto del botón "Ver condiciones de uso del servicio" por "Uso del servicio".

Versión 2.0 (18/10/2018)
================================================
-Inicio de gestión por GitHub de las versiones, partiendo de la anterior
-Creación de una rama multilenguaje, para empezar con la versión 2.0
-Añadido un botón superior que abre una ventana para pulsar el idioma
-Añadido un botón superior que abre una ventana de ayuda
-Añadida función mostrarToast para mostrar mensajes emergentes que se quitan automáticamente
-Añadido enlace en la barra de estado, donde se muestra el idioma actual. También se puede cambiar desde ahí
-Añadido favicon
-Añadida carpeta /traducciones con archivos json, los cuales son cargados y volcados en un objeto vm.m de donde
 se extraen los textos para la aplicación. Dependiendo de qué JSON se cargue, saldrán los textos en un idioma u otro.
-Añadida carpeta /templates para guardar ahí los archivos .tmpl.html de los diálogos, para tener versiones traducidas
-Añadido color a la ventana de chrome en versión móvil
-Cambios estéticos en como se muestra el estado de la aceptación (status). Ahora se muestra en un alert en lugar de un badge.
-Creado un speeddial (botón de más opciones donde ya se muestran los demás botones en la barra)

Versión 2.01 (14/05/2019)
================================================
-Mejorado el enlace para obtener internet de cortesía (aspecto y traducción). Se ha puesto en la parte del formulario.
-Si cortesía está activado, oculta las condiciones de uso y la posibilidad de login.

Versión 2.02 (23/03/2020)
================================================
-Cambios en la forma de obtener wifi de cortesía. Si cortesía está activado, no se oculta las condiciones de uso, pero si la 
 posibilidad de login.
 
Versión 2.03 (25/03/2020)
================================================
- Arreglado bug de la versión anterior que hacía que no mostrara ningún control.
- Añadido botón para wifi de cortesía (resulta que no era el mismo). Se muestran los dos (con trial y sin trial) pero se oculta el que sobra.
- Arreglado frase en francés que no estaba bien corregido.
- Arreglado bug de visualización en el color de fondo de la página.
- Cambios en el footer. Eliminado nombre de la empresa y añadido enlace de contacto en el Copyright.
- Eliminados los ng-show de vm.trial ya que esa variable no cambia nunca y en el mikrotik produce errores.

Versión 2.04 (20/07/2021)
================================================
- Se oculta el footer cuando se aceptan las condiciones de uso. 
- Se añade un degradado en el fondo.
- Se añade más margen desde el final de la página hasta footer.
- Se cambia todo el aspecto de la tarjeta principal. Siendo ahora un div transparente y con un fondo de color azul.
- Se añade el asunto y el cuerpo al enlace del copyright.

Versión 2.1 (03/08/2021)
================================================
- Se muestra un toast de ayuda al hacer clic en el logo (no se puede en el botón de entrar)
- Arreglado que salga el botón de aceptar cuando esté el trial activado
- Se vuelve a mostrar el "Nombre de Empresa" en el footer.
- Se mejora la apariencia del botón "Entrar" cuando está desactivado.
- Se añade un efecto de "Púlsame" sobre el botón que debe pulsar en cada momento, para guiar al usuario.
- Se añade el efecto "Púlsame" a los botones de aceptar las condiciones, para los 3 idiomas.
- Eliminado la variable vm.trial en Angular, para sólo usar $(trial) en HTML directamente. Así evitamos tener que modificar código JS se activa o no la trial, ya sólo depende de la variable del mikrotik, no del código JS. 
- Actualizado de AngularJS 1.70 a AngularJS 1.8.2
